<?xml version="1.0" encoding="UTF-8"?>
<!-- Generated by org.testng.reporters.JUnitXMLReporter -->
<testsuite hostname="Hope" ignored="0" name="Test" tests="4" failures="0" timestamp="05 Jun 2020 19:26:51 GMT" time="112.82" errors="0">
  <testcase name="@AfterMethod configAM" time="0.0" classname="com.vTiger.genericLib.Base">
    <failure type="org.openqa.selenium.NoSuchSessionException" message="Session ID is null. Using WebDriver after calling quit()?
Build info: version: &amp;apos;3.141.59&amp;apos;, revision: &amp;apos;e82be7d358&amp;apos;, time: &amp;apos;2018-11-14T08:25:53&amp;apos;
System info: host: &amp;apos;HOPE&amp;apos;, ip: &amp;apos;192.168.42.159&amp;apos;, os.name: &amp;apos;Windows 8.1&amp;apos;, os.arch: &amp;apos;amd64&amp;apos;, os.version: &amp;apos;6.3&amp;apos;, java.version: &amp;apos;1.8.0_201&amp;apos;
Driver info: driver.version: RemoteWebDriver">
      <![CDATA[org.openqa.selenium.NoSuchSessionException: Session ID is null. Using WebDriver after calling quit()?
Build info: version: '3.141.59', revision: 'e82be7d358', time: '2018-11-14T08:25:53'
System info: host: 'HOPE', ip: '192.168.42.159', os.name: 'Windows 8.1', os.arch: 'amd64', os.version: '6.3', java.version: '1.8.0_201'
Driver info: driver.version: RemoteWebDriver
	at org.openqa.selenium.remote.HttpCommandExecutor.execute(HttpCommandExecutor.java:125)
	at org.openqa.selenium.remote.service.DriverCommandExecutor.execute(DriverCommandExecutor.java:83)
	at org.openqa.selenium.remote.RemoteWebDriver.execute(RemoteWebDriver.java:552)
	at org.openqa.selenium.remote.RemoteWebDriver.perform(RemoteWebDriver.java:618)
	at org.openqa.selenium.interactions.Actions$BuiltAction.perform(Actions.java:639)
	at org.openqa.selenium.interactions.Actions.perform(Actions.java:595)
	at com.vTiger.genericLib.Utility.moveToElement(Utility.java:53)
	at com.vTiger.genericLib.Base.configAM(Base.java:57)
... Removed 27 stack frames]]>
    </failure>
  </testcase> <!-- @AfterMethod configAM -->
  <testcase name="@BeforeMethod configBM" time="0.0" classname="com.vTiger.genericLib.Base">
    <skipped/>
  </testcase> <!-- @BeforeMethod configBM -->
  <testcase name="@AfterMethod configAM" time="0.0" classname="com.vTiger.genericLib.Base">
    <skipped/>
  </testcase> <!-- @AfterMethod configAM -->
  <testcase name="@AfterClass configAC" time="0.0" classname="com.vTiger.genericLib.Base">
    <skipped/>
  </testcase> <!-- @AfterClass configAC -->
  <testcase name="vendorCreateTest" time="21.569" classname="com.vTiger.testScripts.createVendorTest"/>
  <testcase name="vendorCreateTest" time="21.243" classname="com.vTiger.testScripts.createVendorTest"/>
  <testcase name="createOrganizationTest" time="23.893" classname="com.vTiger.testScripts.CreateOrganizationTest"/>
  <testcase name="createOrganizationTest" time="0.005" classname="com.vTiger.testScripts.CreateOrganizationTest">
    <skipped/>
  </testcase> <!-- createOrganizationTest -->
</testsuite> <!-- Test -->
