<html>
<head>
<title>TestNG:  Test</title>
<link href="../testng.css" rel="stylesheet" type="text/css" />
<link href="../my-testng.css" rel="stylesheet" type="text/css" />

<style type="text/css">
.log { display: none;} 
.stack-trace { display: none;} 
</style>
<script type="text/javascript">
<!--
function flip(e) {
  current = e.style.display;
  if (current == 'block') {
    e.style.display = 'none';
    return 0;
  }
  else {
    e.style.display = 'block';
    return 1;
  }
}

function toggleBox(szDivId, elem, msg1, msg2)
{
  var res = -1;  if (document.getElementById) {
    res = flip(document.getElementById(szDivId));
  }
  else if (document.all) {
    // this is the way old msie versions work
    res = flip(document.all[szDivId]);
  }
  if(elem) {
    if(res == 0) elem.innerHTML = msg1; else elem.innerHTML = msg2;
  }

}

function toggleAllBoxes() {
  if (document.getElementsByTagName) {
    d = document.getElementsByTagName('div');
    for (i = 0; i < d.length; i++) {
      if (d[i].className == 'log') {
        flip(d[i]);
      }
    }
  }
}

// -->
</script>

</head>
<body>
<h2 align='center'>Test</h2><table border='1' align="center">
<tr>
<td>Tests passed/Failed/Skipped:</td><td>3/0/1</td>
</tr><tr>
<td>Started on:</td><td>Fri Jun 05 12:24:58 PDT 2020</td>
</tr>
<tr><td>Total time:</td><td>112 seconds (112820 ms)</td>
</tr><tr>
<td>Included groups:</td><td></td>
</tr><tr>
<td>Excluded groups:</td><td></td>
</tr>
</table><p/>
<small><i>(Hover the method name to see the test class name)</i></small><p/>
<table width='100%' border='1' class='invocation-failed'>
<tr><td colspan='4' align='center'><b>FAILED CONFIGURATIONS</b></td></tr>
<tr><td><b>Test method</b></td>
<td width="30%"><b>Exception</b></td>
<td width="10%"><b>Time (seconds)</b></td>
<td><b>Instance</b></td>
</tr>
<tr>
<td title='com.vTiger.testScripts.CreateOrganizationTest.configAM()'><b>configAM</b><br>Test class: com.vTiger.testScripts.CreateOrganizationTest</td>
<td><div><pre>org.openqa.selenium.NoSuchSessionException: Session ID is null. Using WebDriver after calling quit()?
Build info: version: &apos;3.141.59&apos;, revision: &apos;e82be7d358&apos;, time: &apos;2018-11-14T08:25:53&apos;
System info: host: &apos;HOPE&apos;, ip: &apos;192.168.42.159&apos;, os.name: &apos;Windows 8.1&apos;, os.arch: &apos;amd64&apos;, os.version: &apos;6.3&apos;, java.version: &apos;1.8.0_201&apos;
Driver info: driver.version: RemoteWebDriver
	at org.openqa.selenium.remote.HttpCommandExecutor.execute(HttpCommandExecutor.java:125)
	at org.openqa.selenium.remote.service.DriverCommandExecutor.execute(DriverCommandExecutor.java:83)
	at org.openqa.selenium.remote.RemoteWebDriver.execute(RemoteWebDriver.java:552)
	at org.openqa.selenium.remote.RemoteWebDriver.perform(RemoteWebDriver.java:618)
	at org.openqa.selenium.interactions.Actions$BuiltAction.perform(Actions.java:639)
	at org.openqa.selenium.interactions.Actions.perform(Actions.java:595)
	at com.vTiger.genericLib.Utility.moveToElement(Utility.java:53)
	at com.vTiger.genericLib.Base.configAM(Base.java:57)
... Removed 27 stack frames</pre></div><a href='#' onClick='toggleBox("stack-trace280531669", this, "Click to show all stack frames", "Click to hide stack frames")'>Click to show all stack frames</a>
<div class='stack-trace' id='stack-trace280531669'><pre>org.openqa.selenium.NoSuchSessionException: Session ID is null. Using WebDriver after calling quit()?
Build info: version: &apos;3.141.59&apos;, revision: &apos;e82be7d358&apos;, time: &apos;2018-11-14T08:25:53&apos;
System info: host: &apos;HOPE&apos;, ip: &apos;192.168.42.159&apos;, os.name: &apos;Windows 8.1&apos;, os.arch: &apos;amd64&apos;, os.version: &apos;6.3&apos;, java.version: &apos;1.8.0_201&apos;
Driver info: driver.version: RemoteWebDriver
	at org.openqa.selenium.remote.HttpCommandExecutor.execute(HttpCommandExecutor.java:125)
	at org.openqa.selenium.remote.service.DriverCommandExecutor.execute(DriverCommandExecutor.java:83)
	at org.openqa.selenium.remote.RemoteWebDriver.execute(RemoteWebDriver.java:552)
	at org.openqa.selenium.remote.RemoteWebDriver.perform(RemoteWebDriver.java:618)
	at org.openqa.selenium.interactions.Actions$BuiltAction.perform(Actions.java:639)
	at org.openqa.selenium.interactions.Actions.perform(Actions.java:595)
	at com.vTiger.genericLib.Utility.moveToElement(Utility.java:53)
	at com.vTiger.genericLib.Base.configAM(Base.java:57)
	at sun.reflect.NativeMethodAccessorImpl.invoke0(Native Method)
	at sun.reflect.NativeMethodAccessorImpl.invoke(Unknown Source)
	at sun.reflect.DelegatingMethodAccessorImpl.invoke(Unknown Source)
	at java.lang.reflect.Method.invoke(Unknown Source)
	at org.testng.internal.MethodInvocationHelper.invokeMethod(MethodInvocationHelper.java:104)
	at org.testng.internal.Invoker.invokeConfigurationMethod(Invoker.java:515)
	at org.testng.internal.Invoker.invokeConfigurations(Invoker.java:217)
	at org.testng.internal.Invoker.invokeMethod(Invoker.java:712)
	at org.testng.internal.Invoker.invokeTestMethod(Invoker.java:851)
	at org.testng.internal.Invoker.invokeTestMethods(Invoker.java:1177)
	at org.testng.internal.TestMethodWorker.invokeTestMethods(TestMethodWorker.java:129)
	at org.testng.internal.TestMethodWorker.run(TestMethodWorker.java:112)
	at org.testng.TestRunner.privateRun(TestRunner.java:756)
	at org.testng.TestRunner.run(TestRunner.java:610)
	at org.testng.SuiteRunner.runTest(SuiteRunner.java:387)
	at org.testng.SuiteRunner.runSequentially(SuiteRunner.java:382)
	at org.testng.SuiteRunner.privateRun(SuiteRunner.java:340)
	at org.testng.SuiteRunner.run(SuiteRunner.java:289)
	at org.testng.SuiteRunnerWorker.runSuite(SuiteRunnerWorker.java:52)
	at org.testng.SuiteRunnerWorker.run(SuiteRunnerWorker.java:86)
	at org.testng.TestNG.runSuitesSequentially(TestNG.java:1293)
	at org.testng.TestNG.runSuitesLocally(TestNG.java:1218)
	at org.testng.TestNG.runSuites(TestNG.java:1133)
	at org.testng.TestNG.run(TestNG.java:1104)
	at org.testng.remote.AbstractRemoteTestNG.run(AbstractRemoteTestNG.java:132)
	at org.testng.remote.RemoteTestNG.initAndRun(RemoteTestNG.java:236)
	at org.testng.remote.RemoteTestNG.main(RemoteTestNG.java:81)
</pre></div></td>
<td>0</td>
<td>com.vTiger.testScripts.CreateOrganizationTest@724af044</td></tr>
</table><p>
<table width='100%' border='1' class='invocation-skipped'>
<tr><td colspan='4' align='center'><b>SKIPPED CONFIGURATIONS</b></td></tr>
<tr><td><b>Test method</b></td>
<td width="30%"><b>Exception</b></td>
<td width="10%"><b>Time (seconds)</b></td>
<td><b>Instance</b></td>
</tr>
<tr>
<td title='com.vTiger.testScripts.CreateOrganizationTest.configBM()'><b>configBM</b><br>Test class: com.vTiger.testScripts.CreateOrganizationTest</td>
<td></td>
<td>0</td>
<td>com.vTiger.testScripts.CreateOrganizationTest@724af044</td></tr>
<tr>
<td title='com.vTiger.testScripts.CreateOrganizationTest.configAM()'><b>configAM</b><br>Test class: com.vTiger.testScripts.CreateOrganizationTest</td>
<td></td>
<td>0</td>
<td>com.vTiger.testScripts.CreateOrganizationTest@724af044</td></tr>
<tr>
<td title='com.vTiger.testScripts.CreateOrganizationTest.configAC()'><b>configAC</b><br>Test class: com.vTiger.testScripts.CreateOrganizationTest</td>
<td></td>
<td>0</td>
<td>com.vTiger.testScripts.CreateOrganizationTest@724af044</td></tr>
</table><p>
<table width='100%' border='1' class='invocation-passed'>
<tr><td colspan='4' align='center'><b>PASSED TESTS</b></td></tr>
<tr><td><b>Test method</b></td>
<td width="30%"><b>Exception</b></td>
<td width="10%"><b>Time (seconds)</b></td>
<td><b>Instance</b></td>
</tr>
<tr>
<td title='com.vTiger.testScripts.CreateOrganizationTest.createOrganizationTest()'><b>createOrganizationTest</b><br>Test class: com.vTiger.testScripts.CreateOrganizationTest<br>Parameters: Manipal, manipal.com, 3322445566, Healthcare, Active, Billing Address of MANIPAL<br/>
<a href="#Output-1584918772" onClick='toggleBox("Output-1584918772", this, "Show output", "Hide output");'>Show output</a>

<a href="#Output-1584918772" onClick="toggleAllBoxes();">Show all outputs</a>
<div class='log' id="Output-1584918772">
Clicked on Organization Link<br/>
Clicked on Create Organization<br/>
Entered Organization Name<br/>
Clicked on Save Button<br/>
Organization is created Successfully<br/>
</div>
</td>
<td></td>
<td>23</td>
<td>com.vTiger.testScripts.CreateOrganizationTest@724af044</td></tr>
<tr>
<td title='com.vTiger.testScripts.createVendorTest.vendorCreateTest()'><b>vendorCreateTest</b><br>Test class: com.vTiger.testScripts.createVendorTest<br>Parameters: Nithesh, nithesh@gmail.com, 233232323, 301-Sales-Hardware, nitheshSales.com, Nithesh Stree, Nithesh PO, Hassan, Karnataka, 200900, India, Some Random Description about Nithesh Sales<br/>
<a href="#Output-746280996" onClick='toggleBox("Output-746280996", this, "Show output", "Hide output");'>Show output</a>

<a href="#Output-746280996" onClick="toggleAllBoxes();">Show all outputs</a>
<div class='log' id="Output-746280996">
Clicked on vendor link<br/>
Clicked on Create Vendor Link<br/>
Entered vendor Name --> Nithesh<br/>
Entered Email --> nithesh@gmail.com<br/>
Entered Phone --> 233232323<br/>
Selected --> 301-Sales-Hardware<br/>
Entered WebSite --> nitheshSales.com<br/>
Clicked on Save Button<br/>
Vendor is created Successfully<br/>
</div>
</td>
<td></td>
<td>21</td>
<td>com.vTiger.testScripts.createVendorTest@39aeed2f</td></tr>
<tr>
<td title='com.vTiger.testScripts.createVendorTest.vendorCreateTest()'><b>vendorCreateTest</b><br>Test class: com.vTiger.testScripts.createVendorTest<br>Parameters: Gowtham, gowtham@gmail.com, 7878784378, 306-Internet Sales, gowthamInternetSales.com, KTJ Nagar, KTJ PO, Davanagere, Karnataka, 898938, India, Some Random Description about Gowtham Internet Sales<br/>
<a href="#Output-1028145537" onClick='toggleBox("Output-1028145537", this, "Show output", "Hide output");'>Show output</a>

<a href="#Output-1028145537" onClick="toggleAllBoxes();">Show all outputs</a>
<div class='log' id="Output-1028145537">
Clicked on vendor link<br/>
Clicked on Create Vendor Link<br/>
Entered vendor Name --> Gowtham<br/>
Entered Email --> gowtham@gmail.com<br/>
Entered Phone --> 7878784378<br/>
Selected --> 306-Internet Sales<br/>
Entered WebSite --> gowthamInternetSales.com<br/>
Clicked on Save Button<br/>
Vendor is created Successfully<br/>
</div>
</td>
<td></td>
<td>21</td>
<td>com.vTiger.testScripts.createVendorTest@39aeed2f</td></tr>
</table><p>
<table width='100%' border='1' class='invocation-skipped'>
<tr><td colspan='4' align='center'><b>SKIPPED TESTS</b></td></tr>
<tr><td><b>Test method</b></td>
<td width="30%"><b>Exception</b></td>
<td width="10%"><b>Time (seconds)</b></td>
<td><b>Instance</b></td>
</tr>
<tr>
<td title='com.vTiger.testScripts.CreateOrganizationTest.createOrganizationTest()'><b>createOrganizationTest</b><br>Test class: com.vTiger.testScripts.CreateOrganizationTest<br>Parameters: Bapuji, bapuji.com, 3244556789, Education, Active, Billing Address of BAPUJI</td>
<td><div><pre>org.openqa.selenium.NoSuchSessionException: Session ID is null. Using WebDriver after calling quit()?
Build info: version: &apos;3.141.59&apos;, revision: &apos;e82be7d358&apos;, time: &apos;2018-11-14T08:25:53&apos;
System info: host: &apos;HOPE&apos;, ip: &apos;192.168.42.159&apos;, os.name: &apos;Windows 8.1&apos;, os.arch: &apos;amd64&apos;, os.version: &apos;6.3&apos;, java.version: &apos;1.8.0_201&apos;
Driver info: driver.version: RemoteWebDriver
	at org.openqa.selenium.remote.HttpCommandExecutor.execute(HttpCommandExecutor.java:125)
	at org.openqa.selenium.remote.service.DriverCommandExecutor.execute(DriverCommandExecutor.java:83)
	at org.openqa.selenium.remote.RemoteWebDriver.execute(RemoteWebDriver.java:552)
	at org.openqa.selenium.remote.RemoteWebDriver.perform(RemoteWebDriver.java:618)
	at org.openqa.selenium.interactions.Actions$BuiltAction.perform(Actions.java:639)
	at org.openqa.selenium.interactions.Actions.perform(Actions.java:595)
	at com.vTiger.genericLib.Utility.moveToElement(Utility.java:53)
	at com.vTiger.genericLib.Base.configAM(Base.java:57)
... Removed 27 stack frames</pre></div><a href='#' onClick='toggleBox("stack-trace1469907228", this, "Click to show all stack frames", "Click to hide stack frames")'>Click to show all stack frames</a>
<div class='stack-trace' id='stack-trace1469907228'><pre>org.openqa.selenium.NoSuchSessionException: Session ID is null. Using WebDriver after calling quit()?
Build info: version: &apos;3.141.59&apos;, revision: &apos;e82be7d358&apos;, time: &apos;2018-11-14T08:25:53&apos;
System info: host: &apos;HOPE&apos;, ip: &apos;192.168.42.159&apos;, os.name: &apos;Windows 8.1&apos;, os.arch: &apos;amd64&apos;, os.version: &apos;6.3&apos;, java.version: &apos;1.8.0_201&apos;
Driver info: driver.version: RemoteWebDriver
	at org.openqa.selenium.remote.HttpCommandExecutor.execute(HttpCommandExecutor.java:125)
	at org.openqa.selenium.remote.service.DriverCommandExecutor.execute(DriverCommandExecutor.java:83)
	at org.openqa.selenium.remote.RemoteWebDriver.execute(RemoteWebDriver.java:552)
	at org.openqa.selenium.remote.RemoteWebDriver.perform(RemoteWebDriver.java:618)
	at org.openqa.selenium.interactions.Actions$BuiltAction.perform(Actions.java:639)
	at org.openqa.selenium.interactions.Actions.perform(Actions.java:595)
	at com.vTiger.genericLib.Utility.moveToElement(Utility.java:53)
	at com.vTiger.genericLib.Base.configAM(Base.java:57)
	at sun.reflect.NativeMethodAccessorImpl.invoke0(Native Method)
	at sun.reflect.NativeMethodAccessorImpl.invoke(Unknown Source)
	at sun.reflect.DelegatingMethodAccessorImpl.invoke(Unknown Source)
	at java.lang.reflect.Method.invoke(Unknown Source)
	at org.testng.internal.MethodInvocationHelper.invokeMethod(MethodInvocationHelper.java:104)
	at org.testng.internal.Invoker.invokeConfigurationMethod(Invoker.java:515)
	at org.testng.internal.Invoker.invokeConfigurations(Invoker.java:217)
	at org.testng.internal.Invoker.invokeMethod(Invoker.java:712)
	at org.testng.internal.Invoker.invokeTestMethod(Invoker.java:851)
	at org.testng.internal.Invoker.invokeTestMethods(Invoker.java:1177)
	at org.testng.internal.TestMethodWorker.invokeTestMethods(TestMethodWorker.java:129)
	at org.testng.internal.TestMethodWorker.run(TestMethodWorker.java:112)
	at org.testng.TestRunner.privateRun(TestRunner.java:756)
	at org.testng.TestRunner.run(TestRunner.java:610)
	at org.testng.SuiteRunner.runTest(SuiteRunner.java:387)
	at org.testng.SuiteRunner.runSequentially(SuiteRunner.java:382)
	at org.testng.SuiteRunner.privateRun(SuiteRunner.java:340)
	at org.testng.SuiteRunner.run(SuiteRunner.java:289)
	at org.testng.SuiteRunnerWorker.runSuite(SuiteRunnerWorker.java:52)
	at org.testng.SuiteRunnerWorker.run(SuiteRunnerWorker.java:86)
	at org.testng.TestNG.runSuitesSequentially(TestNG.java:1293)
	at org.testng.TestNG.runSuitesLocally(TestNG.java:1218)
	at org.testng.TestNG.runSuites(TestNG.java:1133)
	at org.testng.TestNG.run(TestNG.java:1104)
	at org.testng.remote.AbstractRemoteTestNG.run(AbstractRemoteTestNG.java:132)
	at org.testng.remote.RemoteTestNG.initAndRun(RemoteTestNG.java:236)
	at org.testng.remote.RemoteTestNG.main(RemoteTestNG.java:81)
</pre></div></td>
<td>0</td>
<td>com.vTiger.testScripts.CreateOrganizationTest@724af044</td></tr>
</table><p>
</body>
</html>